Arguments: 
  C:\Program Files\nodejs\node.exe C:\Users\wootwoot\AppData\Roaming\npm\node_modules\yarn\bin\yarn.js install swapi-node --save

PATH: 
  C:\Users\wootwoot\bin;C:\Program Files\Git\mingw64\bin;C:\Program Files\Git\usr\local\bin;C:\Program Files\Git\usr\bin;C:\Program Files\Git\usr\bin;C:\Program Files\Git\mingw64\bin;C:\Program Files\Git\usr\bin;C:\Users\wootwoot\bin;C:\ProgramData\Oracle\Java\javapath;C:\Windows\system32;C:\Windows;C:\Windows\System32\Wbem;C:\Windows\System32\WindowsPowerShell\v1.0;C:\Program Files (x86)\NVIDIA Corporation\PhysX\Common;C:\Program Files\Git\cmd;C:\Program Files (x86)\Skype\Phone;C:\WINDOWS\system32;C:\WINDOWS;C:\WINDOWS\System32\Wbem;C:\WINDOWS\System32\WindowsPowerShell\v1.0;C:\Program Files (x86)\GtkSharp\2.12\bin;C:\Program Files\Git LFS;C:\Program Files (x86)\QuickTime\QTSystem;C:\Program Files\nodejs;C:\Program Files\Intel\WiFi\bin;C:\Program Files\Common Files\Intel\WirelessCommon;C:\Users\wootwoot\AppData\Local\Microsoft\WindowsApps;C:\Program Files (x86)\Nmap;C:\Users\wootwoot\AppData\Roaming\npm;C:\Program Files\Microsoft VS Code\bin;C:\Program Files\Intel\WiFi\bin;C:\Program Files\Common Files\Intel\WirelessCommon;C:\Program Files\Git\usr\bin\vendor_perl;C:\Program Files\Git\usr\bin\core_perl

Yarn version: 
  1.5.1

Node version: 
  9.8.0

Platform: 
  win32 x64

npm manifest: 
  {
    "name": "express-4.x-local-example",
    "version": "0.0.0",
    "description": "Express 4.x app using Passport for authentication with username and password.",
    "keywords": [
      "example",
      "express",
      "passport"
    ],
    "author": "Jared Hanson",
    "license": "Unlicense",
    "homepage": "https://github.com/passport/express-4.x-local-example",
    "repository": {
      "type": "git",
      "url": "git://github.com/passport/express-4.x-local-example.git"
    },
    "bugs": {
      "url": "https://github.com/passport/express-4.x-local-example/issues"
    },
    "dependencies": {
      "body-parser": "^1.13.3",
      "connect-ensure-login": "^0.1.1",
      "cookie-parser": "^1.3.5",
      "ejs": "^2.3.3",
      "express": "^4.13.3",
      "express-session": "^1.11.3",
      "morgan": "^1.6.1",
      "passport": "^0.2.2",
      "passport-local": "^1.0.0"
    }
  }

yarn manifest: 
  No manifest

Lockfile: 
  No lockfile

Trace: 
  Error: `install` has been replaced with `add` to add new dependencies. Run "yarn add swapi-node" instead.
      at new MessageError (C:\Users\wootwoot\AppData\Roaming\npm\node_modules\yarn\lib\cli.js:186:110)
      at Object.<anonymous> (C:\Users\wootwoot\AppData\Roaming\npm\node_modules\yarn\lib\cli.js:21987:13)
      at Generator.next (<anonymous>)
      at step (C:\Users\wootwoot\AppData\Roaming\npm\node_modules\yarn\lib\cli.js:98:30)
      at C:\Users\wootwoot\AppData\Roaming\npm\node_modules\yarn\lib\cli.js:109:13
      at <anonymous>
